<?xml version="1.0" encoding="UTF-8"?>
<testng-results skipped="0" failed="1" ignored="0" total="1" passed="0">
  <reporter-output>
  </reporter-output>
  <suite name="Default suite" duration-ms="47658" started-at="2022-07-24T12:53:08 IST" finished-at="2022-07-24T12:53:56 IST">
    <groups>
    </groups>
    <test name="Default test" duration-ms="47658" started-at="2022-07-24T12:53:08 IST" finished-at="2022-07-24T12:53:56 IST">
      <class name="com.ecommerce.xyz.testscript.JustDial">
        <test-method status="PASS" signature="startServer()[pri:0, instance:com.ecommerce.xyz.testscript.JustDial@10163d6]" name="startServer" is-config="true" duration-ms="29" started-at="2022-07-24T12:53:08 IST" finished-at="2022-07-24T12:53:08 IST">
          <reporter-output>
          </reporter-output>
        </test-method> <!-- startServer -->
        <test-method status="PASS" signature="launchApplication()[pri:0, instance:com.ecommerce.xyz.testscript.JustDial@10163d6]" name="launchApplication" is-config="true" duration-ms="15394" started-at="2022-07-24T12:53:08 IST" finished-at="2022-07-24T12:53:23 IST">
          <reporter-output>
          </reporter-output>
        </test-method> <!-- launchApplication -->
        <test-method status="FAIL" signature="book()[pri:0, instance:com.ecommerce.xyz.testscript.JustDial@10163d6]" name="book" duration-ms="31692" started-at="2022-07-24T12:53:23 IST" finished-at="2022-07-24T12:53:55 IST">
          <exception class="org.openqa.selenium.NoSuchElementException">
            <message>
              <![CDATA[An element could not be located on the page using the given search parameters.
For documentation on this error, please visit: https://www.seleniumhq.org/exceptions/no_such_element.html
Build info: version: '3.141.59', revision: 'e82be7d358', time: '2018-11-14T08:17:03'
System info: host: 'DESKTOP-EHC392M', ip: '192.168.100.15', os.name: 'Windows 10', os.arch: 'amd64', os.version: '10.0', java.version: '1.8.0_291'
Driver info: io.appium.java_client.android.AndroidDriver
Capabilities {appActivity: .SplashScreenNewActivity, appPackage: com.justdial.search, autoGrantPermissions: true, databaseEnabled: false, desired: {appActivity: .SplashScreenNewActivity, appPackage: com.justdial.search, autoGrantPermissions: true, deviceName: moto e40, noReset: false, platformName: android, platformVersion: 11, udid: ZD22242NXY}, deviceApiLevel: 30, deviceManufacturer: motorola, deviceModel: moto e40, deviceName: ZD22242NXY, deviceScreenDensity: 280, deviceScreenSize: 720x1600, deviceUDID: ZD22242NXY, javascriptEnabled: true, locationContextEnabled: false, networkConnectionEnabled: true, noReset: false, pixelRatio: 1.75, platform: LINUX, platformName: android, platformVersion: 11, statBarHeight: 77, takesScreenshot: true, udid: ZD22242NXY, viewportRect: {height: 1364, left: 0, top: 77, width: 720}, warnings: {}, webStorageEnabled: false}
Session ID: 5a0065e3-2056-4e05-9ed6-a24e1573051e
*** Element info: {Using=-android uiautomator, value=new UiScrollable(new UiSelector()).scrollTextIntoView("Hotel & Stay")}]]>
            </message>
            <full-stacktrace>
              <![CDATA[org.openqa.selenium.NoSuchElementException: An element could not be located on the page using the given search parameters.
For documentation on this error, please visit: https://www.seleniumhq.org/exceptions/no_such_element.html
Build info: version: '3.141.59', revision: 'e82be7d358', time: '2018-11-14T08:17:03'
System info: host: 'DESKTOP-EHC392M', ip: '192.168.100.15', os.name: 'Windows 10', os.arch: 'amd64', os.version: '10.0', java.version: '1.8.0_291'
Driver info: io.appium.java_client.android.AndroidDriver
Capabilities {appActivity: .SplashScreenNewActivity, appPackage: com.justdial.search, autoGrantPermissions: true, databaseEnabled: false, desired: {appActivity: .SplashScreenNewActivity, appPackage: com.justdial.search, autoGrantPermissions: true, deviceName: moto e40, noReset: false, platformName: android, platformVersion: 11, udid: ZD22242NXY}, deviceApiLevel: 30, deviceManufacturer: motorola, deviceModel: moto e40, deviceName: ZD22242NXY, deviceScreenDensity: 280, deviceScreenSize: 720x1600, deviceUDID: ZD22242NXY, javascriptEnabled: true, locationContextEnabled: false, networkConnectionEnabled: true, noReset: false, pixelRatio: 1.75, platform: LINUX, platformName: android, platformVersion: 11, statBarHeight: 77, takesScreenshot: true, udid: ZD22242NXY, viewportRect: {height: 1364, left: 0, top: 77, width: 720}, warnings: {}, webStorageEnabled: false}
Session ID: 5a0065e3-2056-4e05-9ed6-a24e1573051e
*** Element info: {Using=-android uiautomator, value=new UiScrollable(new UiSelector()).scrollTextIntoView("Hotel & Stay")}
at sun.reflect.NativeConstructorAccessorImpl.newInstance0(Native Method)
at sun.reflect.NativeConstructorAccessorImpl.newInstance(NativeConstructorAccessorImpl.java:62)
at sun.reflect.DelegatingConstructorAccessorImpl.newInstance(DelegatingConstructorAccessorImpl.java:45)
at java.lang.reflect.Constructor.newInstance(Constructor.java:423)
at org.openqa.selenium.remote.http.W3CHttpResponseCodec.createException(W3CHttpResponseCodec.java:187)
at org.openqa.selenium.remote.http.W3CHttpResponseCodec.decode(W3CHttpResponseCodec.java:122)
at org.openqa.selenium.remote.http.W3CHttpResponseCodec.decode(W3CHttpResponseCodec.java:49)
at org.openqa.selenium.remote.HttpCommandExecutor.execute(HttpCommandExecutor.java:158)
at io.appium.java_client.remote.AppiumCommandExecutor.execute(AppiumCommandExecutor.java:250)
at org.openqa.selenium.remote.RemoteWebDriver.execute(RemoteWebDriver.java:552)
at io.appium.java_client.DefaultGenericMobileDriver.execute(DefaultGenericMobileDriver.java:41)
at io.appium.java_client.AppiumDriver.execute(AppiumDriver.java:1)
at io.appium.java_client.android.AndroidDriver.execute(AndroidDriver.java:1)
at org.openqa.selenium.remote.RemoteWebDriver.findElement(RemoteWebDriver.java:323)
at io.appium.java_client.DefaultGenericMobileDriver.findElement(DefaultGenericMobileDriver.java:61)
at io.appium.java_client.AppiumDriver.findElement(AppiumDriver.java:1)
at io.appium.java_client.android.AndroidDriver.findElement(AndroidDriver.java:1)
at io.appium.java_client.FindsByAndroidUIAutomator.findElementByAndroidUIAutomator(FindsByAndroidUIAutomator.java:38)
at io.appium.java_client.MobileBy$ByAndroidUIAutomator.findElement(MobileBy.java:220)
at org.openqa.selenium.remote.RemoteWebDriver.findElement(RemoteWebDriver.java:315)
at io.appium.java_client.DefaultGenericMobileDriver.findElement(DefaultGenericMobileDriver.java:57)
at io.appium.java_client.AppiumDriver.findElement(AppiumDriver.java:1)
at io.appium.java_client.android.AndroidDriver.findElement(AndroidDriver.java:1)
at genericLibrary.MobileDriverUtility.uiScrollTillText(MobileDriverUtility.java:336)
at com.ecommerce.xyz.testscript.JustDial.book(JustDial.java:40)
at sun.reflect.NativeMethodAccessorImpl.invoke0(Native Method)
at sun.reflect.NativeMethodAccessorImpl.invoke(NativeMethodAccessorImpl.java:62)
at sun.reflect.DelegatingMethodAccessorImpl.invoke(DelegatingMethodAccessorImpl.java:43)
at java.lang.reflect.Method.invoke(Method.java:498)
at org.testng.internal.MethodInvocationHelper.invokeMethod(MethodInvocationHelper.java:133)
at org.testng.internal.TestInvoker.invokeMethod(TestInvoker.java:598)
at org.testng.internal.TestInvoker.invokeTestMethod(TestInvoker.java:173)
at org.testng.internal.MethodRunner.runInSequence(MethodRunner.java:46)
at org.testng.internal.TestInvoker$MethodInvocationAgent.invoke(TestInvoker.java:824)
at org.testng.internal.TestInvoker.invokeTestMethods(TestInvoker.java:146)
at org.testng.internal.TestMethodWorker.invokeTestMethods(TestMethodWorker.java:146)
at org.testng.internal.TestMethodWorker.run(TestMethodWorker.java:128)
at java.util.ArrayList.forEach(ArrayList.java:1259)
at org.testng.TestRunner.privateRun(TestRunner.java:794)
at org.testng.TestRunner.run(TestRunner.java:596)
at org.testng.SuiteRunner.runTest(SuiteRunner.java:377)
at org.testng.SuiteRunner.runSequentially(SuiteRunner.java:371)
at org.testng.SuiteRunner.privateRun(SuiteRunner.java:332)
at org.testng.SuiteRunner.run(SuiteRunner.java:276)
at org.testng.SuiteRunnerWorker.runSuite(SuiteRunnerWorker.java:53)
at org.testng.SuiteRunnerWorker.run(SuiteRunnerWorker.java:96)
at org.testng.TestNG.runSuitesSequentially(TestNG.java:1212)
at org.testng.TestNG.runSuitesLocally(TestNG.java:1134)
at org.testng.TestNG.runSuites(TestNG.java:1063)
at org.testng.TestNG.run(TestNG.java:1031)
at org.testng.remote.AbstractRemoteTestNG.run(AbstractRemoteTestNG.java:115)
at org.testng.remote.RemoteTestNG.initAndRun(RemoteTestNG.java:251)
at org.testng.remote.RemoteTestNG.main(RemoteTestNG.java:77)
]]>
            </full-stacktrace>
          </exception> <!-- org.openqa.selenium.NoSuchElementException -->
          <reporter-output>
          </reporter-output>
        </test-method> <!-- book -->
        <test-method status="PASS" signature="tearDown()[pri:0, instance:com.ecommerce.xyz.testscript.JustDial@10163d6]" name="tearDown" is-config="true" duration-ms="508" started-at="2022-07-24T12:53:55 IST" finished-at="2022-07-24T12:53:56 IST">
          <reporter-output>
          </reporter-output>
        </test-method> <!-- tearDown -->
        <test-method status="PASS" signature="stopServer()[pri:0, instance:com.ecommerce.xyz.testscript.JustDial@10163d6]" name="stopServer" is-config="true" duration-ms="1" started-at="2022-07-24T12:53:56 IST" finished-at="2022-07-24T12:53:56 IST">
          <reporter-output>
          </reporter-output>
        </test-method> <!-- stopServer -->
      </class> <!-- com.ecommerce.xyz.testscript.JustDial -->
    </test> <!-- Default test -->
  </suite> <!-- Default suite -->
</testng-results>
